Determining if the pthread_create exist failed with the following output:
Change Dir: /home/daaachuan/demo/build/CMakeFiles/CMakeTmp

Run Build Command:/usr/bin/make "cmTryCompileExec2811001324/fast"
/usr/bin/make -f CMakeFiles/cmTryCompileExec2811001324.dir/build.make CMakeFiles/cmTryCompileExec2811001324.dir/build
make[1]: Entering directory `/home/daaachuan/demo/build/CMakeFiles/CMakeTmp'
/usr/bin/cmake -E cmake_progress_report /home/daaachuan/demo/build/CMakeFiles/CMakeTmp/CMakeFiles 1
Building C object CMakeFiles/cmTryCompileExec2811001324.dir/CheckSymbolExists.c.o
/usr/bin/cc    -o CMakeFiles/cmTryCompileExec2811001324.dir/CheckSymbolExists.c.o   -c /home/daaachuan/demo/build/CMakeFiles/CMakeTmp/CheckSymbolExists.c
Linking C executable cmTryCompileExec2811001324
/usr/bin/cmake -E cmake_link_script CMakeFiles/cmTryCompileExec2811001324.dir/link.txt --verbose=1
/usr/bin/cc       CMakeFiles/cmTryCompileExec2811001324.dir/CheckSymbolExists.c.o  -o cmTryCompileExec2811001324 -rdynamic 
CMakeFiles/cmTryCompileExec2811001324.dir/CheckSymbolExists.c.o: In function `main':
CheckSymbolExists.c:(.text+0x16): undefined reference to `pthread_create'
collect2: error: ld returned 1 exit status
make[1]: Leaving directory `/home/daaachuan/demo/build/CMakeFiles/CMakeTmp'
make[1]: *** [cmTryCompileExec2811001324] Error 1
make: *** [cmTryCompileExec2811001324/fast] Error 2

File /home/daaachuan/demo/build/CMakeFiles/CMakeTmp/CheckSymbolExists.c:
/* */
#include <pthread.h>

int main(int argc, char** argv)
{
  (void)argv;
#ifndef pthread_create
  return ((int*)(&pthread_create))[argc];
#else
  (void)argc;
  return 0;
#endif
}

Determining if the function pthread_create exists in the pthreads failed with the following output:
Change Dir: /home/daaachuan/demo/build/CMakeFiles/CMakeTmp

Run Build Command:/usr/bin/make "cmTryCompileExec701095696/fast"
/usr/bin/make -f CMakeFiles/cmTryCompileExec701095696.dir/build.make CMakeFiles/cmTryCompileExec701095696.dir/build
make[1]: Entering directory `/home/daaachuan/demo/build/CMakeFiles/CMakeTmp'
/usr/bin/cmake -E cmake_progress_report /home/daaachuan/demo/build/CMakeFiles/CMakeTmp/CMakeFiles 1
Building C object CMakeFiles/cmTryCompileExec701095696.dir/CheckFunctionExists.c.o
/usr/bin/cc   -DCHECK_FUNCTION_EXISTS=pthread_create   -o CMakeFiles/cmTryCompileExec701095696.dir/CheckFunctionExists.c.o   -c /usr/share/cmake-2.8/Modules/CheckFunctionExists.c
Linking C executable cmTryCompileExec701095696
/usr/bin/cmake -E cmake_link_script CMakeFiles/cmTryCompileExec701095696.dir/link.txt --verbose=1
/usr/bin/cc   -DCHECK_FUNCTION_EXISTS=pthread_create    CMakeFiles/cmTryCompileExec701095696.dir/CheckFunctionExists.c.o  -o cmTryCompileExec701095696 -rdynamic -lpthreads 
/usr/bin/ld: cannot find -lpthreads
collect2: error: ld returned 1 exit status
make[1]: Leaving directory `/home/daaachuan/demo/build/CMakeFiles/CMakeTmp'
make[1]: *** [cmTryCompileExec701095696] Error 1
make: *** [cmTryCompileExec701095696/fast] Error 2


